<?xml version="1.0" encoding="UTF-8"?>
<!-- Generated by org.testng.reporters.JUnitXMLReporter -->
<testsuite ignored="0" hostname="MAVLT1586" failures="0" tests="6" name="Test" time="91.195" errors="0" timestamp="2021-08-12T20:13:47 IST">
  <testcase classname="mavenDemo.demo" name="alert" time="12.16"/>
  <testcase classname="mavenDemo.demo" name="frames" time="9.285"/>
  <testcase classname="mavenDemo.demo" name="program15" time="2.544"/>
  <testcase classname="mavenDemo.demo" name="program2" time="19.414"/>
  <testcase classname="mavenDemo.demo" name="program3" time="21.29"/>
  <testcase classname="mavenDemo.demo" name="webTable" time="7.682"/>
</testsuite> <!-- Test -->
