<?xml version="1.0" encoding="UTF-8"?>
<testng-results ignored="0" total="1" passed="1" failed="0" skipped="0">
  <reporter-output>
  </reporter-output>
  <suite started-at="2021-08-13T10:27:44 IST" name="Default suite" finished-at="2021-08-13T10:28:02 IST" duration-ms="17606">
    <groups>
    </groups>
    <test started-at="2021-08-13T10:27:44 IST" name="Default test" finished-at="2021-08-13T10:28:02 IST" duration-ms="17606">
      <class name="mavenDemo.gitTest">
        <test-method is-config="true" signature="setup()[pri:0, instance:mavenDemo.gitTest@3c7f66c4]" started-at="2021-08-13T10:27:44 IST" name="setup" finished-at="2021-08-13T10:27:47 IST" duration-ms="2624" status="PASS">
          <reporter-output>
          </reporter-output>
        </test-method> <!-- setup -->
        <test-method signature="gitpush()[pri:0, instance:mavenDemo.gitTest@3c7f66c4]" started-at="2021-08-13T10:27:47 IST" name="gitpush" finished-at="2021-08-13T10:28:01 IST" duration-ms="14056" status="PASS">
          <reporter-output>
          </reporter-output>
        </test-method> <!-- gitpush -->
        <test-method is-config="true" signature="teardown()[pri:0, instance:mavenDemo.gitTest@3c7f66c4]" started-at="2021-08-13T10:28:01 IST" name="teardown" finished-at="2021-08-13T10:28:02 IST" duration-ms="876" status="PASS">
          <reporter-output>
          </reporter-output>
        </test-method> <!-- teardown -->
      </class> <!-- mavenDemo.gitTest -->
    </test> <!-- Default test -->
  </suite> <!-- Default suite -->
</testng-results>
