<?xml version="1.0" encoding="UTF-8"?>
<!-- Generated by org.testng.reporters.JUnitXMLReporter -->
<testsuite ignored="5" hostname="MAVLT1586" failures="0" tests="1" name="Default test" time="13.525" errors="0" timestamp="2021-08-10T14:08:56 IST">
  <testcase classname="mavenDemo.demo" name="webTable" time="7.04"/>
  <testcase classname="mavenDemo.demo" name="program3" time="0.0">
    <ignored/>
  </testcase> <!-- program3 -->
  <testcase classname="mavenDemo.demo" name="program2" time="0.0">
    <ignored/>
  </testcase> <!-- program2 -->
  <testcase classname="mavenDemo.demo" name="program1" time="0.0">
    <ignored/>
  </testcase> <!-- program1 -->
  <testcase classname="mavenDemo.demo" name="frames" time="0.0">
    <ignored/>
  </testcase> <!-- frames -->
  <testcase classname="mavenDemo.demo" name="alert" time="0.0">
    <ignored/>
  </testcase> <!-- alert -->
</testsuite> <!-- Default test -->
